2018-01-22 15:58:48,372 - crawler_app 5a609c5059c66de3dbcba0d9 - INFO - SETUP START
2018-01-22 15:58:48,422 - crawler_app 5a609c5059c66de3dbcba0d9 - INFO - SETUP - read_skill_from_db
2018-01-22 15:58:48,439 - crawler_app 5a609c5059c66de3dbcba0d9 - INFO - SETUP - read_websourses_from_db
2018-01-22 15:58:48,453 - crawler_app 5a609c5059c66de3dbcba0d9 - INFO - SETUP FINISH
2018-01-22 15:58:48,453 - crawler_app 5a609c5059c66de3dbcba0d9 - INFO - IN_PROCESS START
2018-01-22 15:58:48,454 - crawler_app 5a609c5059c66de3dbcba0d9 - INFO - IN_PROCESS - collect_pages_links
2018-01-22 15:58:48,644 - crawler_app 5a609c5059c66de3dbcba0d9 - INFO - request status code - 200 for https://www.work.ua/jobs-ruby/?page=1
2018-01-22 15:58:48,667 - crawler_app 5a609c5059c66de3dbcba0d9 - INFO - IN_PROCESS - collect_pages_links - page links collected for work.ua
2018-01-22 15:58:49,767 - crawler_app 5a609c5059c66de3dbcba0d9 - INFO - request status code - 200 for https://hh.ua/search/vacancy?text=ruby&area=5&page=0
2018-01-22 15:58:49,781 - crawler_app 5a609c5059c66de3dbcba0d9 - INFO - IN_PROCESS - collect_pages_links - page links collected for hh.ua
2018-01-22 15:58:49,783 - crawler_app 5a609c5059c66de3dbcba0d9 - INFO - IN_PROCESS - collect_vac_links
2018-01-22 15:58:49,943 - crawler_app 5a609c5059c66de3dbcba0d9 - INFO - request status code - 200 for https://www.work.ua/jobs-ruby/?page=1
2018-01-22 15:58:50,097 - crawler_app 5a609c5059c66de3dbcba0d9 - INFO - request status code - 200 for https://www.work.ua/jobs-ruby/?page=2
2018-01-22 15:58:50,235 - crawler_app 5a609c5059c66de3dbcba0d9 - INFO - request status code - 200 for https://www.work.ua/jobs-ruby/?page=3
2018-01-22 15:58:50,365 - crawler_app 5a609c5059c66de3dbcba0d9 - INFO - request status code - 200 for https://www.work.ua/jobs-ruby/?page=4
2018-01-22 15:58:50,369 - crawler_app 5a609c5059c66de3dbcba0d9 - INFO - IN_PROCESS - collect_vac_links - vacancies links collected for work.ua
2018-01-22 15:58:51,350 - crawler_app 5a609c5059c66de3dbcba0d9 - INFO - request status code - 200 for https://hh.ua/search/vacancy?text=ruby&area=5&page=0
2018-01-22 15:58:52,403 - crawler_app 5a609c5059c66de3dbcba0d9 - INFO - request status code - 200 for https://hh.ua/search/vacancy?text=ruby&area=5&page=1
2018-01-22 15:58:53,456 - crawler_app 5a609c5059c66de3dbcba0d9 - INFO - request status code - 200 for https://hh.ua/search/vacancy?text=ruby&area=5&page=2
2018-01-22 15:58:54,523 - crawler_app 5a609c5059c66de3dbcba0d9 - INFO - request status code - 200 for https://hh.ua/search/vacancy?text=ruby&area=5&page=3
2018-01-22 15:58:55,505 - crawler_app 5a609c5059c66de3dbcba0d9 - INFO - request status code - 200 for https://hh.ua/search/vacancy?text=ruby&area=5&page=4
2018-01-22 15:58:55,514 - crawler_app 5a609c5059c66de3dbcba0d9 - INFO - IN_PROCESS - collect_vac_links - vacancies links collected for hh.ua
2018-01-22 15:58:55,514 - crawler_app 5a609c5059c66de3dbcba0d9 - INFO - IN_PROCESS - filter_vac_links
2018-01-22 15:58:55,514 - crawler_app 5a609c5059c66de3dbcba0d9 - INFO - IN_PROCESS - filter_vac_links - vacancies links filtered for work.ua
2018-01-22 15:58:55,514 - crawler_app 5a609c5059c66de3dbcba0d9 - INFO - IN_PROCESS - filter_vac_links - vacancies links filtered for hh.ua
2018-01-22 15:58:55,514 - crawler_app 5a609c5059c66de3dbcba0d9 - INFO - IN_PROCESS - collect_vac_raws
2018-01-22 15:58:55,718 - crawler_app 5a609c5059c66de3dbcba0d9 - INFO - request status code - 200 for https://www.work.ua/jobs/3009391/
2018-01-22 15:58:55,724 - crawler_app 5a609c5059c66de3dbcba0d9 - INFO - IN_PROCESS - collect_vac_raws - vacancy 'Programmer (Server, Ruby on Rails/Amazon AWS, Mobile, Re)' (title, raw) collected from work.ua
2018-01-22 15:58:55,871 - crawler_app 5a609c5059c66de3dbcba0d9 - INFO - request status code - 200 for https://www.work.ua/jobs/1609949/
2018-01-22 15:58:55,876 - crawler_app 5a609c5059c66de3dbcba0d9 - INFO - IN_PROCESS - collect_vac_raws - vacancy 'Ruby developer (Middle, Senior)' (title, raw) collected from work.ua
2018-01-22 15:58:56,024 - crawler_app 5a609c5059c66de3dbcba0d9 - INFO - request status code - 200 for https://www.work.ua/jobs/2609886/
2018-01-22 15:58:56,029 - crawler_app 5a609c5059c66de3dbcba0d9 - INFO - IN_PROCESS - collect_vac_raws - vacancy 'Junior/Middle Ruby on Rails Developer' (title, raw) collected from work.ua
2018-01-22 15:58:56,208 - crawler_app 5a609c5059c66de3dbcba0d9 - INFO - request status code - 200 for https://www.work.ua/jobs/2816033/
2018-01-22 15:58:56,213 - crawler_app 5a609c5059c66de3dbcba0d9 - INFO - IN_PROCESS - collect_vac_raws - vacancy 'Senior Ruby Developer' (title, raw) collected from work.ua
2018-01-22 15:58:56,367 - crawler_app 5a609c5059c66de3dbcba0d9 - INFO - request status code - 200 for https://www.work.ua/jobs/2390786/
2018-01-22 15:58:56,371 - crawler_app 5a609c5059c66de3dbcba0d9 - INFO - IN_PROCESS - collect_vac_raws - vacancy 'Ruby developer' (title, raw) collected from work.ua
2018-01-22 15:58:56,524 - crawler_app 5a609c5059c66de3dbcba0d9 - INFO - request status code - 200 for https://www.work.ua/jobs/3018107/
2018-01-22 15:58:56,529 - crawler_app 5a609c5059c66de3dbcba0d9 - INFO - IN_PROCESS - collect_vac_raws - vacancy 'Middle Ruby Developer' (title, raw) collected from work.ua
2018-01-22 15:58:57,006 - crawler_app 5a609c5059c66de3dbcba0d9 - INFO - request status code - 200 for https://www.work.ua/jobs/2990555/
2018-01-22 15:58:57,010 - crawler_app 5a609c5059c66de3dbcba0d9 - INFO - IN_PROCESS - collect_vac_raws - vacancy 'Middle Automation QA (Ruby) for 7 digital' (title, raw) collected from work.ua
2018-01-22 15:58:57,198 - crawler_app 5a609c5059c66de3dbcba0d9 - INFO - request status code - 200 for https://www.work.ua/jobs/3021942/
2018-01-22 15:58:57,203 - crawler_app 5a609c5059c66de3dbcba0d9 - INFO - IN_PROCESS - collect_vac_raws - vacancy 'Junior Ruby Developer (Laboratory Management Software)' (title, raw) collected from work.ua
2018-01-22 15:58:57,356 - crawler_app 5a609c5059c66de3dbcba0d9 - INFO - request status code - 200 for https://www.work.ua/jobs/3007623/
2018-01-22 15:58:57,362 - crawler_app 5a609c5059c66de3dbcba0d9 - INFO - IN_PROCESS - collect_vac_raws - vacancy 'Ruby on Rails Developer' (title, raw) collected from work.ua
2018-01-22 15:58:57,517 - crawler_app 5a609c5059c66de3dbcba0d9 - INFO - request status code - 200 for https://www.work.ua/jobs/2837289/
2018-01-22 15:58:57,523 - crawler_app 5a609c5059c66de3dbcba0d9 - INFO - IN_PROCESS - collect_vac_raws - vacancy 'Developer Ruby on Rails' (title, raw) collected from work.ua
2018-01-22 15:58:57,669 - crawler_app 5a609c5059c66de3dbcba0d9 - INFO - request status code - 200 for https://www.work.ua/jobs/3009642/
2018-01-22 15:58:57,674 - crawler_app 5a609c5059c66de3dbcba0d9 - INFO - IN_PROCESS - collect_vac_raws - vacancy 'RoR developer' (title, raw) collected from work.ua
2018-01-22 15:58:57,812 - crawler_app 5a609c5059c66de3dbcba0d9 - INFO - request status code - 200 for https://www.work.ua/jobs/3003191/
2018-01-22 15:58:57,816 - crawler_app 5a609c5059c66de3dbcba0d9 - INFO - IN_PROCESS - collect_vac_raws - vacancy 'ATQC (Ruby)' (title, raw) collected from work.ua
2018-01-22 15:58:57,947 - crawler_app 5a609c5059c66de3dbcba0d9 - INFO - request status code - 200 for https://www.work.ua/jobs/3029856/
2018-01-22 15:58:57,951 - crawler_app 5a609c5059c66de3dbcba0d9 - INFO - IN_PROCESS - collect_vac_raws - vacancy 'Ruby on Rails разработчик' (title, raw) collected from work.ua
2018-01-22 15:58:58,091 - crawler_app 5a609c5059c66de3dbcba0d9 - INFO - request status code - 200 for https://www.work.ua/jobs/3012275/
2018-01-22 15:58:58,096 - crawler_app 5a609c5059c66de3dbcba0d9 - INFO - IN_PROCESS - collect_vac_raws - vacancy 'Senior Ruby Developer' (title, raw) collected from work.ua
2018-01-22 15:58:58,271 - crawler_app 5a609c5059c66de3dbcba0d9 - INFO - request status code - 200 for https://www.work.ua/jobs/3024778/
2018-01-22 15:58:58,275 - crawler_app 5a609c5059c66de3dbcba0d9 - INFO - IN_PROCESS - collect_vac_raws - vacancy 'Junior Ruby Developer (Laboratory Management Software)' (title, raw) collected from work.ua
2018-01-22 15:58:58,438 - crawler_app 5a609c5059c66de3dbcba0d9 - INFO - request status code - 200 for https://www.work.ua/jobs/3020665/
2018-01-22 15:58:58,445 - crawler_app 5a609c5059c66de3dbcba0d9 - INFO - IN_PROCESS - collect_vac_raws - vacancy 'Ruby Developer (Trainee)' (title, raw) collected from work.ua
2018-01-22 15:58:58,603 - crawler_app 5a609c5059c66de3dbcba0d9 - INFO - request status code - 200 for https://www.work.ua/jobs/2976112/
2018-01-22 15:58:58,607 - crawler_app 5a609c5059c66de3dbcba0d9 - INFO - IN_PROCESS - collect_vac_raws - vacancy 'Ruby on Rails Developer' (title, raw) collected from work.ua
2018-01-22 15:58:58,755 - crawler_app 5a609c5059c66de3dbcba0d9 - INFO - request status code - 200 for https://www.work.ua/jobs/2890696/
2018-01-22 15:58:58,759 - crawler_app 5a609c5059c66de3dbcba0d9 - INFO - IN_PROCESS - collect_vac_raws - vacancy 'Ruby on Rails программист' (title, raw) collected from work.ua
2018-01-22 15:58:58,913 - crawler_app 5a609c5059c66de3dbcba0d9 - INFO - request status code - 200 for https://www.work.ua/jobs/1964709/
2018-01-22 15:58:58,917 - crawler_app 5a609c5059c66de3dbcba0d9 - INFO - IN_PROCESS - collect_vac_raws - vacancy 'Middle QA Automation (Ruby, Cucumber, Media Distribution Platform)' (title, raw) collected from work.ua
2018-01-22 15:58:59,098 - crawler_app 5a609c5059c66de3dbcba0d9 - INFO - request status code - 200 for https://www.work.ua/jobs/3026072/
2018-01-22 15:58:59,103 - crawler_app 5a609c5059c66de3dbcba0d9 - INFO - IN_PROCESS - collect_vac_raws - vacancy 'Junior Ruby Developer, Laboratory Management Software' (title, raw) collected from work.ua
2018-01-22 15:58:59,283 - crawler_app 5a609c5059c66de3dbcba0d9 - INFO - request status code - 200 for https://www.work.ua/jobs/2501181/
2018-01-22 15:58:59,287 - crawler_app 5a609c5059c66de3dbcba0d9 - INFO - IN_PROCESS - collect_vac_raws - vacancy 'Ruby on Rails Developer' (title, raw) collected from work.ua
2018-01-22 15:58:59,446 - crawler_app 5a609c5059c66de3dbcba0d9 - INFO - request status code - 200 for https://www.work.ua/jobs/1787886/
2018-01-22 15:58:59,450 - crawler_app 5a609c5059c66de3dbcba0d9 - INFO - IN_PROCESS - collect_vac_raws - vacancy 'Программист PHP/Ruby' (title, raw) collected from work.ua
2018-01-22 15:58:59,597 - crawler_app 5a609c5059c66de3dbcba0d9 - INFO - request status code - 200 for https://www.work.ua/jobs/3027560/
2018-01-22 15:58:59,602 - crawler_app 5a609c5059c66de3dbcba0d9 - INFO - IN_PROCESS - collect_vac_raws - vacancy 'Ruby on Rails программист' (title, raw) collected from work.ua
2018-01-22 15:58:59,770 - crawler_app 5a609c5059c66de3dbcba0d9 - INFO - request status code - 200 for https://www.work.ua/jobs/2892085/
2018-01-22 15:58:59,775 - crawler_app 5a609c5059c66de3dbcba0d9 - INFO - IN_PROCESS - collect_vac_raws - vacancy 'Ruby On Rails developer, tech lead' (title, raw) collected from work.ua
2018-01-22 15:58:59,947 - crawler_app 5a609c5059c66de3dbcba0d9 - INFO - request status code - 200 for https://www.work.ua/jobs/3033939/
2018-01-22 15:58:59,952 - crawler_app 5a609c5059c66de3dbcba0d9 - INFO - IN_PROCESS - collect_vac_raws - vacancy 'Full-stack Ruby on Rails Developer' (title, raw) collected from work.ua
2018-01-22 15:59:00,104 - crawler_app 5a609c5059c66de3dbcba0d9 - INFO - request status code - 200 for https://www.work.ua/jobs/2921920/
2018-01-22 15:59:00,109 - crawler_app 5a609c5059c66de3dbcba0d9 - INFO - IN_PROCESS - collect_vac_raws - vacancy 'Ruby On Rails developer' (title, raw) collected from work.ua
2018-01-22 15:59:00,257 - crawler_app 5a609c5059c66de3dbcba0d9 - INFO - request status code - 200 for https://www.work.ua/jobs/1959779/
2018-01-22 15:59:00,262 - crawler_app 5a609c5059c66de3dbcba0d9 - INFO - IN_PROCESS - collect_vac_raws - vacancy 'Ruby on Rails Developer' (title, raw) collected from work.ua
2018-01-22 15:59:00,405 - crawler_app 5a609c5059c66de3dbcba0d9 - INFO - request status code - 200 for https://www.work.ua/jobs/3024855/
2018-01-22 15:59:00,409 - crawler_app 5a609c5059c66de3dbcba0d9 - INFO - IN_PROCESS - collect_vac_raws - vacancy 'Senior Ruby on Rails Developer' (title, raw) collected from work.ua
2018-01-22 15:59:00,571 - crawler_app 5a609c5059c66de3dbcba0d9 - INFO - request status code - 200 for https://www.work.ua/jobs/3013646/
2018-01-22 15:59:00,575 - crawler_app 5a609c5059c66de3dbcba0d9 - INFO - IN_PROCESS - collect_vac_raws - vacancy 'Senior Ruby Developer' (title, raw) collected from work.ua
2018-01-22 15:59:00,732 - crawler_app 5a609c5059c66de3dbcba0d9 - INFO - request status code - 200 for https://www.work.ua/jobs/2738833/
2018-01-22 15:59:00,737 - crawler_app 5a609c5059c66de3dbcba0d9 - INFO - IN_PROCESS - collect_vac_raws - vacancy 'ROR Developer (React.js)' (title, raw) collected from work.ua
2018-01-22 15:59:00,909 - crawler_app 5a609c5059c66de3dbcba0d9 - INFO - request status code - 200 for https://www.work.ua/jobs/3006657/
2018-01-22 15:59:00,913 - crawler_app 5a609c5059c66de3dbcba0d9 - INFO - IN_PROCESS - collect_vac_raws - vacancy 'Junior/Middle full-stack разработчик Ruby on Rails' (title, raw) collected from work.ua
2018-01-22 15:59:01,103 - crawler_app 5a609c5059c66de3dbcba0d9 - INFO - request status code - 200 for https://www.work.ua/jobs/3012277/
2018-01-22 15:59:01,108 - crawler_app 5a609c5059c66de3dbcba0d9 - INFO - IN_PROCESS - collect_vac_raws - vacancy 'Senior Ruby Developer (Analytics Platform System)' (title, raw) collected from work.ua
2018-01-22 15:59:01,284 - crawler_app 5a609c5059c66de3dbcba0d9 - INFO - request status code - 200 for https://www.work.ua/jobs/3009015/
2018-01-22 15:59:01,289 - crawler_app 5a609c5059c66de3dbcba0d9 - INFO - IN_PROCESS - collect_vac_raws - vacancy 'Ruby on Rails developer (full-stack)' (title, raw) collected from work.ua
2018-01-22 15:59:01,447 - crawler_app 5a609c5059c66de3dbcba0d9 - INFO - request status code - 200 for https://www.work.ua/jobs/2993672/
2018-01-22 15:59:01,452 - crawler_app 5a609c5059c66de3dbcba0d9 - INFO - IN_PROCESS - collect_vac_raws - vacancy 'Ruby on Rails Developer' (title, raw) collected from work.ua
2018-01-22 15:59:01,620 - crawler_app 5a609c5059c66de3dbcba0d9 - INFO - request status code - 200 for https://www.work.ua/jobs/1882815/
2018-01-22 15:59:01,625 - crawler_app 5a609c5059c66de3dbcba0d9 - INFO - IN_PROCESS - collect_vac_raws - vacancy 'Senior Ruby on Rails-разработчик' (title, raw) collected from work.ua
2018-01-22 15:59:01,777 - crawler_app 5a609c5059c66de3dbcba0d9 - INFO - request status code - 200 for https://www.work.ua/jobs/3007561/
2018-01-22 15:59:01,782 - crawler_app 5a609c5059c66de3dbcba0d9 - INFO - IN_PROCESS - collect_vac_raws - vacancy 'Junior/Middle Ruby Developer' (title, raw) collected from work.ua
2018-01-22 15:59:01,944 - crawler_app 5a609c5059c66de3dbcba0d9 - INFO - request status code - 200 for https://www.work.ua/jobs/3029171/
2018-01-22 15:59:01,948 - crawler_app 5a609c5059c66de3dbcba0d9 - INFO - IN_PROCESS - collect_vac_raws - vacancy 'Middle/Senior Ruby on Rails developer' (title, raw) collected from work.ua
2018-01-22 15:59:02,100 - crawler_app 5a609c5059c66de3dbcba0d9 - INFO - request status code - 200 for https://www.work.ua/jobs/3024999/
2018-01-22 15:59:02,105 - crawler_app 5a609c5059c66de3dbcba0d9 - INFO - IN_PROCESS - collect_vac_raws - vacancy 'Junior/Middle Ruby Developer' (title, raw) collected from work.ua
2018-01-22 15:59:02,266 - crawler_app 5a609c5059c66de3dbcba0d9 - INFO - request status code - 200 for https://www.work.ua/jobs/2728222/
2018-01-22 15:59:02,271 - crawler_app 5a609c5059c66de3dbcba0d9 - INFO - IN_PROCESS - collect_vac_raws - vacancy 'Ruby on Rails developer' (title, raw) collected from work.ua
2018-01-22 15:59:02,424 - crawler_app 5a609c5059c66de3dbcba0d9 - INFO - request status code - 200 for https://www.work.ua/jobs/3013356/
2018-01-22 15:59:02,429 - crawler_app 5a609c5059c66de3dbcba0d9 - INFO - IN_PROCESS - collect_vac_raws - vacancy 'Ruby on Rails Developer' (title, raw) collected from work.ua
2018-01-22 15:59:02,619 - crawler_app 5a609c5059c66de3dbcba0d9 - INFO - request status code - 200 for https://www.work.ua/jobs/2796661/
2018-01-22 15:59:02,624 - crawler_app 5a609c5059c66de3dbcba0d9 - INFO - IN_PROCESS - collect_vac_raws - vacancy 'Senior Ruby on Rails Developer for Ciklum New Client' (title, raw) collected from work.ua
2018-01-22 15:59:02,773 - crawler_app 5a609c5059c66de3dbcba0d9 - INFO - request status code - 200 for https://www.work.ua/jobs/3028986/
2018-01-22 15:59:02,778 - crawler_app 5a609c5059c66de3dbcba0d9 - INFO - IN_PROCESS - collect_vac_raws - vacancy 'Junior Ruby Developer (Laboratory Management Software)' (title, raw) collected from work.ua
2018-01-22 15:59:02,939 - crawler_app 5a609c5059c66de3dbcba0d9 - INFO - request status code - 200 for https://www.work.ua/jobs/2279168/
2018-01-22 15:59:02,943 - crawler_app 5a609c5059c66de3dbcba0d9 - INFO - IN_PROCESS - collect_vac_raws - vacancy 'Ruby on Rails programmer' (title, raw) collected from work.ua
2018-01-22 15:59:03,128 - crawler_app 5a609c5059c66de3dbcba0d9 - INFO - request status code - 200 for https://www.work.ua/jobs/2631282/
2018-01-22 15:59:03,133 - crawler_app 5a609c5059c66de3dbcba0d9 - INFO - IN_PROCESS - collect_vac_raws - vacancy 'Middle Back-end developer (Python/Ruby)' (title, raw) collected from work.ua
2018-01-22 15:59:04,049 - crawler_app 5a609c5059c66de3dbcba0d9 - INFO - request status code - 200 for https://hh.ua/vacancy/23443930?query=ruby
2018-01-22 15:59:04,057 - crawler_app 5a609c5059c66de3dbcba0d9 - INFO - IN_PROCESS - collect_vac_raws - vacancy 'Senior DevOps Engineer' (title, raw) collected from hh.ua
2018-01-22 15:59:04,967 - crawler_app 5a609c5059c66de3dbcba0d9 - INFO - request status code - 200 for https://hh.ua/vacancy/24059557?query=ruby
2018-01-22 15:59:04,974 - crawler_app 5a609c5059c66de3dbcba0d9 - INFO - IN_PROCESS - collect_vac_raws - vacancy 'Senior Software Engineer' (title, raw) collected from hh.ua
2018-01-22 15:59:05,942 - crawler_app 5a609c5059c66de3dbcba0d9 - INFO - request status code - 200 for https://hh.ua/vacancy/23989606?query=ruby
2018-01-22 15:59:05,949 - crawler_app 5a609c5059c66de3dbcba0d9 - INFO - IN_PROCESS - collect_vac_raws - vacancy 'Ruby on Rails Developer' (title, raw) collected from hh.ua
2018-01-22 15:59:07,468 - crawler_app 5a609c5059c66de3dbcba0d9 - INFO - request status code - 200 for https://hh.ua/vacancy/24015704?query=ruby
2018-01-22 15:59:07,476 - crawler_app 5a609c5059c66de3dbcba0d9 - INFO - IN_PROCESS - collect_vac_raws - vacancy 'Area Manager Specialty Rental (Russia)' (title, raw) collected from hh.ua
2018-01-22 15:59:09,096 - crawler_app 5a609c5059c66de3dbcba0d9 - INFO - request status code - 200 for https://hh.ua/vacancy/23982204?query=ruby
2018-01-22 15:59:09,104 - crawler_app 5a609c5059c66de3dbcba0d9 - INFO - IN_PROCESS - collect_vac_raws - vacancy 'Старший разработчик Java / Java Software Architect' (title, raw) collected from hh.ua
2018-01-22 15:59:10,374 - crawler_app 5a609c5059c66de3dbcba0d9 - INFO - request status code - 200 for https://hh.ua/vacancy/23939498?query=ruby
2018-01-22 15:59:10,380 - crawler_app 5a609c5059c66de3dbcba0d9 - INFO - IN_PROCESS - collect_vac_raws - vacancy 'Java Back End Developer for Codinc (Kyiv)' (title, raw) collected from hh.ua
2018-01-22 15:59:11,280 - crawler_app 5a609c5059c66de3dbcba0d9 - INFO - request status code - 200 for https://hh.ua/vacancy/23950247?query=ruby
2018-01-22 15:59:11,288 - crawler_app 5a609c5059c66de3dbcba0d9 - INFO - IN_PROCESS - collect_vac_raws - vacancy 'Business Development Manager Specialty Rental, Russia' (title, raw) collected from hh.ua
2018-01-22 15:59:12,247 - crawler_app 5a609c5059c66de3dbcba0d9 - INFO - request status code - 200 for https://hh.ua/vacancy/23681193?query=ruby
2018-01-22 15:59:12,259 - crawler_app 5a609c5059c66de3dbcba0d9 - INFO - IN_PROCESS - collect_vac_raws - vacancy 'DevOps Engineer for XtendX (Dnipro)' (title, raw) collected from hh.ua
2018-01-22 15:59:13,190 - crawler_app 5a609c5059c66de3dbcba0d9 - INFO - request status code - 200 for https://hh.ua/vacancy/24197326?query=ruby
2018-01-22 15:59:13,198 - crawler_app 5a609c5059c66de3dbcba0d9 - INFO - IN_PROCESS - collect_vac_raws - vacancy 'Full-stack Ruby on Rails Developer' (title, raw) collected from hh.ua
2018-01-22 15:59:14,121 - crawler_app 5a609c5059c66de3dbcba0d9 - INFO - request status code - 200 for https://hh.ua/vacancy/23971929?query=ruby
2018-01-22 15:59:14,128 - crawler_app 5a609c5059c66de3dbcba0d9 - INFO - IN_PROCESS - collect_vac_raws - vacancy 'Senior devops Specialist' (title, raw) collected from hh.ua
2018-01-22 15:59:15,081 - crawler_app 5a609c5059c66de3dbcba0d9 - INFO - request status code - 200 for https://hh.ua/vacancy/23982206?query=ruby
2018-01-22 15:59:15,088 - crawler_app 5a609c5059c66de3dbcba0d9 - INFO - IN_PROCESS - collect_vac_raws - vacancy 'Старший разработчик Java / Java Software Architect' (title, raw) collected from hh.ua
2018-01-22 15:59:16,035 - crawler_app 5a609c5059c66de3dbcba0d9 - INFO - request status code - 200 for https://hh.ua/vacancy/23982185?query=ruby
2018-01-22 15:59:16,042 - crawler_app 5a609c5059c66de3dbcba0d9 - INFO - IN_PROCESS - collect_vac_raws - vacancy 'C# (.NET) Software Architect' (title, raw) collected from hh.ua
2018-01-22 15:59:17,060 - crawler_app 5a609c5059c66de3dbcba0d9 - INFO - request status code - 200 for https://hh.ua/vacancy/23982325?query=ruby
2018-01-22 15:59:17,068 - crawler_app 5a609c5059c66de3dbcba0d9 - INFO - IN_PROCESS - collect_vac_raws - vacancy 'Ruby on Rails Architect' (title, raw) collected from hh.ua
2018-01-22 15:59:18,007 - crawler_app 5a609c5059c66de3dbcba0d9 - INFO - request status code - 200 for https://hh.ua/vacancy/20438350?query=ruby
2018-01-22 15:59:18,014 - crawler_app 5a609c5059c66de3dbcba0d9 - INFO - IN_PROCESS - collect_vac_raws - vacancy 'Developer Ruby on Rails' (title, raw) collected from hh.ua
2018-01-22 15:59:18,937 - crawler_app 5a609c5059c66de3dbcba0d9 - INFO - request status code - 200 for https://hh.ua/vacancy/23939384?query=ruby
2018-01-22 15:59:18,945 - crawler_app 5a609c5059c66de3dbcba0d9 - INFO - IN_PROCESS - collect_vac_raws - vacancy 'DevOps engineer' (title, raw) collected from hh.ua
2018-01-22 15:59:19,919 - crawler_app 5a609c5059c66de3dbcba0d9 - INFO - request status code - 200 for https://hh.ua/vacancy/24202264?query=ruby
2018-01-22 15:59:19,927 - crawler_app 5a609c5059c66de3dbcba0d9 - INFO - IN_PROCESS - collect_vac_raws - vacancy 'Middle Automation QA (Ruby) for 7 digital (Kyiv)' (title, raw) collected from hh.ua
2018-01-22 15:59:20,835 - crawler_app 5a609c5059c66de3dbcba0d9 - INFO - request status code - 200 for https://hh.ua/vacancy/21785347?query=ruby
2018-01-22 15:59:20,842 - crawler_app 5a609c5059c66de3dbcba0d9 - INFO - IN_PROCESS - collect_vac_raws - vacancy 'Senior Ruby on Rails Developer' (title, raw) collected from hh.ua
2018-01-22 15:59:21,776 - crawler_app 5a609c5059c66de3dbcba0d9 - INFO - request status code - 200 for https://hh.ua/vacancy/24164271?query=ruby
2018-01-22 15:59:21,783 - crawler_app 5a609c5059c66de3dbcba0d9 - INFO - IN_PROCESS - collect_vac_raws - vacancy 'Senior Business Analyst' (title, raw) collected from hh.ua
2018-01-22 15:59:22,940 - crawler_app 5a609c5059c66de3dbcba0d9 - INFO - request status code - 200 for https://hh.ua/vacancy/23928999?query=ruby
2018-01-22 15:59:22,947 - crawler_app 5a609c5059c66de3dbcba0d9 - INFO - IN_PROCESS - collect_vac_raws - vacancy 'RoR developer' (title, raw) collected from hh.ua
2018-01-22 15:59:23,907 - crawler_app 5a609c5059c66de3dbcba0d9 - INFO - request status code - 200 for https://hh.ua/vacancy/23270537?query=ruby
2018-01-22 15:59:23,914 - crawler_app 5a609c5059c66de3dbcba0d9 - INFO - IN_PROCESS - collect_vac_raws - vacancy 'DevOps Engineer' (title, raw) collected from hh.ua
2018-01-22 15:59:24,811 - crawler_app 5a609c5059c66de3dbcba0d9 - INFO - request status code - 200 for https://hh.ua/vacancy/24053157?query=ruby
2018-01-22 15:59:24,819 - crawler_app 5a609c5059c66de3dbcba0d9 - INFO - IN_PROCESS - collect_vac_raws - vacancy 'IT-Recruiter' (title, raw) collected from hh.ua
2018-01-22 15:59:25,836 - crawler_app 5a609c5059c66de3dbcba0d9 - INFO - request status code - 200 for https://hh.ua/vacancy/23119686?query=ruby
2018-01-22 15:59:25,844 - crawler_app 5a609c5059c66de3dbcba0d9 - INFO - IN_PROCESS - collect_vac_raws - vacancy 'Front-end JavaScript developer' (title, raw) collected from hh.ua
2018-01-22 15:59:26,739 - crawler_app 5a609c5059c66de3dbcba0d9 - INFO - request status code - 200 for https://hh.ua/vacancy/23939383?query=ruby
2018-01-22 15:59:26,746 - crawler_app 5a609c5059c66de3dbcba0d9 - INFO - IN_PROCESS - collect_vac_raws - vacancy 'DevOps engineer' (title, raw) collected from hh.ua
2018-01-22 15:59:27,672 - crawler_app 5a609c5059c66de3dbcba0d9 - INFO - request status code - 200 for https://hh.ua/vacancy/23962583?query=ruby
2018-01-22 15:59:27,680 - crawler_app 5a609c5059c66de3dbcba0d9 - INFO - IN_PROCESS - collect_vac_raws - vacancy 'Middle Ruby on Rails developer' (title, raw) collected from hh.ua
2018-01-22 15:59:28,680 - crawler_app 5a609c5059c66de3dbcba0d9 - INFO - request status code - 200 for https://hh.ua/vacancy/23982326?query=ruby
2018-01-22 15:59:28,688 - crawler_app 5a609c5059c66de3dbcba0d9 - INFO - IN_PROCESS - collect_vac_raws - vacancy 'Ruby on Rails Architect' (title, raw) collected from hh.ua
2018-01-22 15:59:29,654 - crawler_app 5a609c5059c66de3dbcba0d9 - INFO - request status code - 200 for https://hh.ua/vacancy/23982188?query=ruby
2018-01-22 15:59:29,661 - crawler_app 5a609c5059c66de3dbcba0d9 - INFO - IN_PROCESS - collect_vac_raws - vacancy 'C# (.NET) Software Architect' (title, raw) collected from hh.ua
2018-01-22 15:59:30,591 - crawler_app 5a609c5059c66de3dbcba0d9 - INFO - request status code - 200 for https://hh.ua/vacancy/22773562?query=ruby
2018-01-22 15:59:30,599 - crawler_app 5a609c5059c66de3dbcba0d9 - INFO - IN_PROCESS - collect_vac_raws - vacancy 'Ruby on Rails-разработчик' (title, raw) collected from hh.ua
2018-01-22 15:59:31,518 - crawler_app 5a609c5059c66de3dbcba0d9 - INFO - request status code - 200 for https://hh.ua/vacancy/24078791?query=ruby
2018-01-22 15:59:31,526 - crawler_app 5a609c5059c66de3dbcba0d9 - INFO - IN_PROCESS - collect_vac_raws - vacancy 'Senior Developer in Test (QA Automation Engineer)' (title, raw) collected from hh.ua
2018-01-22 15:59:32,473 - crawler_app 5a609c5059c66de3dbcba0d9 - INFO - request status code - 200 for https://hh.ua/vacancy/23970327?query=ruby
2018-01-22 15:59:32,481 - crawler_app 5a609c5059c66de3dbcba0d9 - INFO - IN_PROCESS - collect_vac_raws - vacancy 'Salesforce developer' (title, raw) collected from hh.ua
2018-01-22 15:59:33,352 - crawler_app 5a609c5059c66de3dbcba0d9 - INFO - request status code - 200 for https://hh.ua/vacancy/23257314?query=ruby
2018-01-22 15:59:33,360 - crawler_app 5a609c5059c66de3dbcba0d9 - INFO - IN_PROCESS - collect_vac_raws - vacancy 'System Administrator Trainee (Стажер)' (title, raw) collected from hh.ua
2018-01-22 15:59:34,427 - crawler_app 5a609c5059c66de3dbcba0d9 - INFO - request status code - 200 for https://hh.ua/vacancy/23073776?query=ruby
2018-01-22 15:59:34,434 - crawler_app 5a609c5059c66de3dbcba0d9 - INFO - IN_PROCESS - collect_vac_raws - vacancy 'VoIP адміністратор' (title, raw) collected from hh.ua
2018-01-22 15:59:35,319 - crawler_app 5a609c5059c66de3dbcba0d9 - INFO - request status code - 200 for https://hh.ua/vacancy/23356896?query=ruby
2018-01-22 15:59:35,326 - crawler_app 5a609c5059c66de3dbcba0d9 - INFO - IN_PROCESS - collect_vac_raws - vacancy 'Intermediate Recruiter' (title, raw) collected from hh.ua
2018-01-22 15:59:36,238 - crawler_app 5a609c5059c66de3dbcba0d9 - INFO - request status code - 200 for https://hh.ua/vacancy/23890767?query=ruby
2018-01-22 15:59:36,245 - crawler_app 5a609c5059c66de3dbcba0d9 - INFO - IN_PROCESS - collect_vac_raws - vacancy 'Старший администратор поддержки сети' (title, raw) collected from hh.ua
2018-01-22 15:59:37,140 - crawler_app 5a609c5059c66de3dbcba0d9 - INFO - request status code - 200 for https://hh.ua/vacancy/23794296?query=ruby
2018-01-22 15:59:37,148 - crawler_app 5a609c5059c66de3dbcba0d9 - INFO - IN_PROCESS - collect_vac_raws - vacancy 'Web-разработчик (стажер)' (title, raw) collected from hh.ua
2018-01-22 15:59:38,191 - crawler_app 5a609c5059c66de3dbcba0d9 - INFO - request status code - 200 for https://hh.ua/vacancy/24059671?query=ruby
2018-01-22 15:59:38,198 - crawler_app 5a609c5059c66de3dbcba0d9 - INFO - IN_PROCESS - collect_vac_raws - vacancy 'Middle Software Engineer' (title, raw) collected from hh.ua
2018-01-22 15:59:39,252 - crawler_app 5a609c5059c66de3dbcba0d9 - INFO - request status code - 200 for https://hh.ua/vacancy/23982186?query=ruby
2018-01-22 15:59:39,259 - crawler_app 5a609c5059c66de3dbcba0d9 - INFO - IN_PROCESS - collect_vac_raws - vacancy 'C# (.NET) Software Architect' (title, raw) collected from hh.ua
2018-01-22 15:59:40,295 - crawler_app 5a609c5059c66de3dbcba0d9 - INFO - request status code - 200 for https://hh.ua/vacancy/23855237?query=ruby
2018-01-22 15:59:40,302 - crawler_app 5a609c5059c66de3dbcba0d9 - INFO - IN_PROCESS - collect_vac_raws - vacancy 'Middle/Senior разработчик Ruby on Rails' (title, raw) collected from hh.ua
2018-01-22 15:59:41,260 - crawler_app 5a609c5059c66de3dbcba0d9 - INFO - request status code - 200 for https://hh.ua/vacancy/24059014?query=ruby
2018-01-22 15:59:41,267 - crawler_app 5a609c5059c66de3dbcba0d9 - INFO - IN_PROCESS - collect_vac_raws - vacancy 'Ruby Developer' (title, raw) collected from hh.ua
2018-01-22 15:59:42,217 - crawler_app 5a609c5059c66de3dbcba0d9 - INFO - request status code - 200 for https://hh.ua/vacancy/24078613?query=ruby
2018-01-22 15:59:42,226 - crawler_app 5a609c5059c66de3dbcba0d9 - INFO - IN_PROCESS - collect_vac_raws - vacancy 'Ruby on Rails developer' (title, raw) collected from hh.ua
2018-01-22 15:59:43,190 - crawler_app 5a609c5059c66de3dbcba0d9 - INFO - request status code - 200 for https://hh.ua/vacancy/23452076?query=ruby
2018-01-22 15:59:43,198 - crawler_app 5a609c5059c66de3dbcba0d9 - INFO - IN_PROCESS - collect_vac_raws - vacancy 'Системный администратор / Инженер по развитию инфраструктуры' (title, raw) collected from hh.ua
2018-01-22 15:59:44,223 - crawler_app 5a609c5059c66de3dbcba0d9 - INFO - request status code - 200 for https://hh.ua/vacancy/20480638?query=ruby
2018-01-22 15:59:44,230 - crawler_app 5a609c5059c66de3dbcba0d9 - INFO - IN_PROCESS - collect_vac_raws - vacancy 'DevOps engineer (DevOps инженер)' (title, raw) collected from hh.ua
2018-01-22 15:59:45,204 - crawler_app 5a609c5059c66de3dbcba0d9 - INFO - request status code - 200 for https://hh.ua/vacancy/23969041?query=ruby
2018-01-22 15:59:45,212 - crawler_app 5a609c5059c66de3dbcba0d9 - INFO - IN_PROCESS - collect_vac_raws - vacancy 'QA Engineer' (title, raw) collected from hh.ua
2018-01-22 15:59:46,175 - crawler_app 5a609c5059c66de3dbcba0d9 - INFO - request status code - 200 for https://hh.ua/vacancy/23982327?query=ruby
2018-01-22 15:59:46,182 - crawler_app 5a609c5059c66de3dbcba0d9 - INFO - IN_PROCESS - collect_vac_raws - vacancy 'Ruby on Rails Architect' (title, raw) collected from hh.ua
2018-01-22 15:59:47,061 - crawler_app 5a609c5059c66de3dbcba0d9 - INFO - request status code - 200 for https://hh.ua/vacancy/22540006?query=ruby
2018-01-22 15:59:47,068 - crawler_app 5a609c5059c66de3dbcba0d9 - INFO - IN_PROCESS - collect_vac_raws - vacancy 'Front-end Developer' (title, raw) collected from hh.ua
2018-01-22 15:59:48,012 - crawler_app 5a609c5059c66de3dbcba0d9 - INFO - request status code - 200 for https://hh.ua/vacancy/24046484?query=ruby
2018-01-22 15:59:48,019 - crawler_app 5a609c5059c66de3dbcba0d9 - INFO - IN_PROCESS - collect_vac_raws - vacancy 'Frontend-разработчик' (title, raw) collected from hh.ua
2018-01-22 15:59:48,980 - crawler_app 5a609c5059c66de3dbcba0d9 - INFO - request status code - 200 for https://hh.ua/vacancy/23628058?query=ruby
2018-01-22 15:59:48,987 - crawler_app 5a609c5059c66de3dbcba0d9 - INFO - IN_PROCESS - collect_vac_raws - vacancy 'Senior Data Scientist for Ciklum CTO (Lviv)' (title, raw) collected from hh.ua
2018-01-22 15:59:49,940 - crawler_app 5a609c5059c66de3dbcba0d9 - INFO - request status code - 200 for https://hh.ua/vacancy/23982299?query=ruby
2018-01-22 15:59:49,949 - crawler_app 5a609c5059c66de3dbcba0d9 - INFO - IN_PROCESS - collect_vac_raws - vacancy 'Software Engineering Manager (Руководитель команд разработки)' (title, raw) collected from hh.ua
2018-01-22 15:59:50,852 - crawler_app 5a609c5059c66de3dbcba0d9 - INFO - request status code - 200 for https://hh.ua/vacancy/23969238?query=ruby
2018-01-22 15:59:50,860 - crawler_app 5a609c5059c66de3dbcba0d9 - INFO - IN_PROCESS - collect_vac_raws - vacancy 'Full stack web developer' (title, raw) collected from hh.ua
2018-01-22 15:59:51,878 - crawler_app 5a609c5059c66de3dbcba0d9 - INFO - request status code - 200 for https://hh.ua/vacancy/23982187?query=ruby
2018-01-22 15:59:51,886 - crawler_app 5a609c5059c66de3dbcba0d9 - INFO - IN_PROCESS - collect_vac_raws - vacancy 'C# (.NET) Software Architect' (title, raw) collected from hh.ua
2018-01-22 15:59:52,773 - crawler_app 5a609c5059c66de3dbcba0d9 - INFO - request status code - 200 for https://hh.ua/vacancy/22815995?query=ruby
2018-01-22 15:59:52,781 - crawler_app 5a609c5059c66de3dbcba0d9 - INFO - IN_PROCESS - collect_vac_raws - vacancy 'Junior / Middle / Senior RoR программист' (title, raw) collected from hh.ua
2018-01-22 15:59:53,748 - crawler_app 5a609c5059c66de3dbcba0d9 - INFO - request status code - 200 for https://hh.ua/vacancy/23982255?query=ruby
2018-01-22 15:59:53,755 - crawler_app 5a609c5059c66de3dbcba0d9 - INFO - IN_PROCESS - collect_vac_raws - vacancy 'QA Engineer' (title, raw) collected from hh.ua
2018-01-22 15:59:54,662 - crawler_app 5a609c5059c66de3dbcba0d9 - INFO - request status code - 200 for https://hh.ua/vacancy/20623765?query=ruby
2018-01-22 15:59:54,669 - crawler_app 5a609c5059c66de3dbcba0d9 - INFO - IN_PROCESS - collect_vac_raws - vacancy 'DevOps Engineer/System Administrator' (title, raw) collected from hh.ua
2018-01-22 15:59:55,611 - crawler_app 5a609c5059c66de3dbcba0d9 - INFO - request status code - 200 for https://hh.ua/vacancy/24165200?query=ruby
2018-01-22 15:59:55,618 - crawler_app 5a609c5059c66de3dbcba0d9 - INFO - IN_PROCESS - collect_vac_raws - vacancy 'Senior Full-Stack Developer for Ciklum New Client (Kyiv)' (title, raw) collected from hh.ua
2018-01-22 15:59:56,511 - crawler_app 5a609c5059c66de3dbcba0d9 - INFO - request status code - 200 for https://hh.ua/vacancy/23939466?query=ruby
2018-01-22 15:59:56,518 - crawler_app 5a609c5059c66de3dbcba0d9 - INFO - IN_PROCESS - collect_vac_raws - vacancy 'Senior Ruby on Rails Developer' (title, raw) collected from hh.ua
2018-01-22 15:59:57,479 - crawler_app 5a609c5059c66de3dbcba0d9 - INFO - request status code - 200 for https://hh.ua/vacancy/23939382?query=ruby
2018-01-22 15:59:57,486 - crawler_app 5a609c5059c66de3dbcba0d9 - INFO - IN_PROCESS - collect_vac_raws - vacancy 'DevOps engineer' (title, raw) collected from hh.ua
2018-01-22 15:59:58,411 - crawler_app 5a609c5059c66de3dbcba0d9 - INFO - request status code - 200 for https://hh.ua/vacancy/23855238?query=ruby
2018-01-22 15:59:58,419 - crawler_app 5a609c5059c66de3dbcba0d9 - INFO - IN_PROCESS - collect_vac_raws - vacancy 'Middle/Senior разработчик Ruby on Rails' (title, raw) collected from hh.ua
2018-01-22 15:59:59,339 - crawler_app 5a609c5059c66de3dbcba0d9 - INFO - request status code - 200 for https://hh.ua/vacancy/22845132?query=ruby
2018-01-22 15:59:59,346 - crawler_app 5a609c5059c66de3dbcba0d9 - INFO - IN_PROCESS - collect_vac_raws - vacancy 'Системный администратор (NOC Engineer)' (title, raw) collected from hh.ua
2018-01-22 16:00:00,311 - crawler_app 5a609c5059c66de3dbcba0d9 - INFO - request status code - 200 for https://hh.ua/vacancy/19596334?query=ruby
2018-01-22 16:00:00,319 - crawler_app 5a609c5059c66de3dbcba0d9 - INFO - IN_PROCESS - collect_vac_raws - vacancy 'Lead DevOps Engineer' (title, raw) collected from hh.ua
2018-01-22 16:00:01,329 - crawler_app 5a609c5059c66de3dbcba0d9 - INFO - request status code - 200 for https://hh.ua/vacancy/23982205?query=ruby
2018-01-22 16:00:01,337 - crawler_app 5a609c5059c66de3dbcba0d9 - INFO - IN_PROCESS - collect_vac_raws - vacancy 'Старший разработчик Java / Java Software Architec' (title, raw) collected from hh.ua
2018-01-22 16:00:02,244 - crawler_app 5a609c5059c66de3dbcba0d9 - INFO - request status code - 200 for https://hh.ua/vacancy/24009578?query=ruby
2018-01-22 16:00:02,251 - crawler_app 5a609c5059c66de3dbcba0d9 - INFO - IN_PROCESS - collect_vac_raws - vacancy 'Ruby On Rails developer' (title, raw) collected from hh.ua
2018-01-22 16:00:03,193 - crawler_app 5a609c5059c66de3dbcba0d9 - INFO - request status code - 200 for https://hh.ua/vacancy/23980905?query=ruby
2018-01-22 16:00:03,200 - crawler_app 5a609c5059c66de3dbcba0d9 - INFO - IN_PROCESS - collect_vac_raws - vacancy 'Ruby on Rails developer (Tech/Team Lead)' (title, raw) collected from hh.ua
2018-01-22 16:00:04,140 - crawler_app 5a609c5059c66de3dbcba0d9 - INFO - request status code - 200 for https://hh.ua/vacancy/23905696?query=ruby
2018-01-22 16:00:04,148 - crawler_app 5a609c5059c66de3dbcba0d9 - INFO - IN_PROCESS - collect_vac_raws - vacancy 'Senior devops' (title, raw) collected from hh.ua
2018-01-22 16:00:05,038 - crawler_app 5a609c5059c66de3dbcba0d9 - INFO - request status code - 200 for https://hh.ua/vacancy/23980896?query=ruby
2018-01-22 16:00:05,046 - crawler_app 5a609c5059c66de3dbcba0d9 - INFO - IN_PROCESS - collect_vac_raws - vacancy 'Ruby on Rails developer' (title, raw) collected from hh.ua
2018-01-22 16:00:05,936 - crawler_app 5a609c5059c66de3dbcba0d9 - INFO - request status code - 200 for https://hh.ua/vacancy/18889138?query=ruby
2018-01-22 16:00:05,944 - crawler_app 5a609c5059c66de3dbcba0d9 - INFO - IN_PROCESS - collect_vac_raws - vacancy 'Big Data Solution Architect' (title, raw) collected from hh.ua
2018-01-22 16:00:06,831 - crawler_app 5a609c5059c66de3dbcba0d9 - INFO - request status code - 200 for https://hh.ua/vacancy/23960555?query=ruby
2018-01-22 16:00:06,837 - crawler_app 5a609c5059c66de3dbcba0d9 - INFO - IN_PROCESS - collect_vac_raws - vacancy 'Remote/Office Software Engineer Ruby on Rails' (title, raw) collected from hh.ua
2018-01-22 16:00:07,748 - crawler_app 5a609c5059c66de3dbcba0d9 - INFO - request status code - 200 for https://hh.ua/vacancy/23939385?query=ruby
2018-01-22 16:00:07,756 - crawler_app 5a609c5059c66de3dbcba0d9 - INFO - IN_PROCESS - collect_vac_raws - vacancy 'DevOps engineer' (title, raw) collected from hh.ua
2018-01-22 16:00:08,709 - crawler_app 5a609c5059c66de3dbcba0d9 - INFO - request status code - 200 for https://hh.ua/vacancy/24198210?query=ruby
2018-01-22 16:00:08,717 - crawler_app 5a609c5059c66de3dbcba0d9 - INFO - IN_PROCESS - collect_vac_raws - vacancy 'Senior DevOps' (title, raw) collected from hh.ua
2018-01-22 16:00:09,614 - crawler_app 5a609c5059c66de3dbcba0d9 - INFO - request status code - 200 for https://hh.ua/vacancy/19844521?query=ruby
2018-01-22 16:00:09,622 - crawler_app 5a609c5059c66de3dbcba0d9 - INFO - IN_PROCESS - collect_vac_raws - vacancy 'Senior DevOps Engineer' (title, raw) collected from hh.ua
2018-01-22 16:00:10,526 - crawler_app 5a609c5059c66de3dbcba0d9 - INFO - request status code - 200 for https://hh.ua/vacancy/22691378?query=ruby
2018-01-22 16:00:10,533 - crawler_app 5a609c5059c66de3dbcba0d9 - INFO - IN_PROCESS - collect_vac_raws - vacancy 'Junior Front-end Developer' (title, raw) collected from hh.ua
2018-01-22 16:00:11,427 - crawler_app 5a609c5059c66de3dbcba0d9 - INFO - request status code - 200 for https://hh.ua/vacancy/23185340?query=ruby
2018-01-22 16:00:11,436 - crawler_app 5a609c5059c66de3dbcba0d9 - INFO - IN_PROCESS - collect_vac_raws - vacancy 'Middle Back-end developer (Python/Ruby)' (title, raw) collected from hh.ua
2018-01-22 16:00:12,397 - crawler_app 5a609c5059c66de3dbcba0d9 - INFO - request status code - 200 for https://hh.ua/vacancy/23989763?query=ruby
2018-01-22 16:00:12,404 - crawler_app 5a609c5059c66de3dbcba0d9 - INFO - IN_PROCESS - collect_vac_raws - vacancy 'Front-end Developer' (title, raw) collected from hh.ua
2018-01-22 16:00:13,276 - crawler_app 5a609c5059c66de3dbcba0d9 - INFO - request status code - 200 for https://hh.ua/vacancy/23939386?query=ruby
2018-01-22 16:00:13,284 - crawler_app 5a609c5059c66de3dbcba0d9 - INFO - IN_PROCESS - collect_vac_raws - vacancy 'DevOps engineer' (title, raw) collected from hh.ua
2018-01-22 16:00:14,329 - crawler_app 5a609c5059c66de3dbcba0d9 - INFO - request status code - 200 for https://hh.ua/vacancy/23982203?query=ruby
2018-01-22 16:00:14,337 - crawler_app 5a609c5059c66de3dbcba0d9 - INFO - IN_PROCESS - collect_vac_raws - vacancy 'Старший разработчик Java / Java Software Architect' (title, raw) collected from hh.ua
2018-01-22 16:00:15,280 - crawler_app 5a609c5059c66de3dbcba0d9 - INFO - request status code - 200 for https://hh.ua/vacancy/23982298?query=ruby
2018-01-22 16:00:15,288 - crawler_app 5a609c5059c66de3dbcba0d9 - INFO - IN_PROCESS - collect_vac_raws - vacancy 'Software Engineering Manager (Руководитель команд разработки)' (title, raw) collected from hh.ua
2018-01-22 16:00:16,237 - crawler_app 5a609c5059c66de3dbcba0d9 - INFO - request status code - 200 for https://hh.ua/vacancy/20623705?query=ruby
2018-01-22 16:00:16,244 - crawler_app 5a609c5059c66de3dbcba0d9 - INFO - IN_PROCESS - collect_vac_raws - vacancy 'Project Manager' (title, raw) collected from hh.ua
2018-01-22 16:00:17,123 - crawler_app 5a609c5059c66de3dbcba0d9 - INFO - request status code - 200 for https://hh.ua/vacancy/23199500?query=ruby
2018-01-22 16:00:17,131 - crawler_app 5a609c5059c66de3dbcba0d9 - INFO - IN_PROCESS - collect_vac_raws - vacancy 'PHP Team Lead' (title, raw) collected from hh.ua
2018-01-22 16:00:18,112 - crawler_app 5a609c5059c66de3dbcba0d9 - INFO - request status code - 200 for https://hh.ua/vacancy/23999774?query=ruby
2018-01-22 16:00:18,119 - crawler_app 5a609c5059c66de3dbcba0d9 - INFO - IN_PROCESS - collect_vac_raws - vacancy 'Mobile QA Engineer for 7 digital (Kyiv)' (title, raw) collected from hh.ua
2018-01-22 16:00:19,003 - crawler_app 5a609c5059c66de3dbcba0d9 - INFO - request status code - 200 for https://hh.ua/vacancy/21073598?query=ruby
2018-01-22 16:00:19,010 - crawler_app 5a609c5059c66de3dbcba0d9 - INFO - IN_PROCESS - collect_vac_raws - vacancy 'Senior Build Engineer' (title, raw) collected from hh.ua
2018-01-22 16:00:19,983 - crawler_app 5a609c5059c66de3dbcba0d9 - INFO - request status code - 200 for https://hh.ua/vacancy/23976820?query=ruby
2018-01-22 16:00:19,990 - crawler_app 5a609c5059c66de3dbcba0d9 - INFO - IN_PROCESS - collect_vac_raws - vacancy 'Senior/ middle Ruby on Rails разработчик' (title, raw) collected from hh.ua
2018-01-22 16:00:20,983 - crawler_app 5a609c5059c66de3dbcba0d9 - INFO - request status code - 200 for https://hh.ua/vacancy/24195943?query=ruby
2018-01-22 16:00:20,990 - crawler_app 5a609c5059c66de3dbcba0d9 - INFO - IN_PROCESS - collect_vac_raws - vacancy 'Junior DevOps Engineer' (title, raw) collected from hh.ua
2018-01-22 16:00:21,925 - crawler_app 5a609c5059c66de3dbcba0d9 - INFO - request status code - 200 for https://hh.ua/vacancy/20130119?query=ruby
2018-01-22 16:00:21,933 - crawler_app 5a609c5059c66de3dbcba0d9 - INFO - IN_PROCESS - collect_vac_raws - vacancy 'DevOps Engineer' (title, raw) collected from hh.ua
2018-01-22 16:00:22,845 - crawler_app 5a609c5059c66de3dbcba0d9 - INFO - request status code - 200 for https://hh.ua/vacancy/23960548?query=ruby
2018-01-22 16:00:22,852 - crawler_app 5a609c5059c66de3dbcba0d9 - INFO - IN_PROCESS - collect_vac_raws - vacancy 'Test Driven React Native Developer (Trainee remote)' (title, raw) collected from hh.ua
2018-01-22 16:00:23,796 - crawler_app 5a609c5059c66de3dbcba0d9 - INFO - request status code - 200 for https://hh.ua/vacancy/23732094?query=ruby
2018-01-22 16:00:23,804 - crawler_app 5a609c5059c66de3dbcba0d9 - INFO - IN_PROCESS - collect_vac_raws - vacancy 'Разработчик Ruby on Rails' (title, raw) collected from hh.ua
2018-01-22 16:00:24,734 - crawler_app 5a609c5059c66de3dbcba0d9 - INFO - request status code - 200 for https://hh.ua/vacancy/19845606?query=ruby
2018-01-22 16:00:24,741 - crawler_app 5a609c5059c66de3dbcba0d9 - INFO - IN_PROCESS - collect_vac_raws - vacancy 'Ruby on Rails Developer' (title, raw) collected from hh.ua
2018-01-22 16:00:25,695 - crawler_app 5a609c5059c66de3dbcba0d9 - INFO - request status code - 200 for https://hh.ua/vacancy/23966118?query=ruby
2018-01-22 16:00:25,703 - crawler_app 5a609c5059c66de3dbcba0d9 - INFO - IN_PROCESS - collect_vac_raws - vacancy 'Senior Security Specialist (Application Security) for Testing Centre of Excellence (Kyiv)' (title, raw) collected from hh.ua
2018-01-22 16:00:26,592 - crawler_app 5a609c5059c66de3dbcba0d9 - INFO - request status code - 200 for https://hh.ua/vacancy/19845599?query=ruby
2018-01-22 16:00:26,600 - crawler_app 5a609c5059c66de3dbcba0d9 - INFO - IN_PROCESS - collect_vac_raws - vacancy 'Стажер Ruby on Rails' (title, raw) collected from hh.ua
2018-01-22 16:00:26,601 - crawler_app 5a609c5059c66de3dbcba0d9 - INFO - IN_PROCESS - write_vacancies_in_db
2018-01-22 16:00:26,651 - crawler_app 5a609c5059c66de3dbcba0d9 - INFO - IN_PROCESS - write_vacancies_in_db - vacancies for has been written to database from work.ua
2018-01-22 16:00:26,710 - crawler_app 5a609c5059c66de3dbcba0d9 - INFO - IN_PROCESS - write_vacancies_in_db - vacancies for has been written to database from hh.ua
2018-01-22 16:00:26,711 - crawler_app 5a609c5059c66de3dbcba0d9 - INFO - IN_PROCESS FINISH
