2018-01-29 16:29:56,923 - crawler_app 5a69dd13c9e77c004f9b2ac5 - INFO - SETUP START
2018-01-29 16:29:56,967 - crawler_app 5a69dd13c9e77c004f9b2ac5 - INFO - SETUP - read_skill_from_db
2018-01-29 16:29:57,062 - crawler_app 5a69dd13c9e77c004f9b2ac5 - INFO - SETUP - read_websourses_from_db
2018-01-29 16:29:57,101 - crawler_app 5a69dd13c9e77c004f9b2ac5 - INFO - SETUP FINISH
2018-01-29 16:29:57,101 - crawler_app 5a69dd13c9e77c004f9b2ac5 - INFO - IN_PROCESS START
2018-01-29 16:29:57,103 - crawler_app 5a69dd13c9e77c004f9b2ac5 - INFO - IN_PROCESS - collect_pages_links
2018-01-29 16:29:57,281 - crawler_app 5a69dd13c9e77c004f9b2ac5 - INFO - request status code - 200 for https://www.work.ua/jobs-react/?page=1
2018-01-29 16:29:57,282 - crawler_app 5a69dd13c9e77c004f9b2ac5 - INFO - request status code - 200 for https://www.work.ua/jobs-react/?page=1
2018-01-29 16:29:57,288 - crawler_app 5a69dd13c9e77c004f9b2ac5 - INFO - IN_PROCESS - collect_pages_links - page links collected for work.ua
2018-01-29 16:29:58,059 - crawler_app 5a69dd13c9e77c004f9b2ac5 - INFO - request status code - 200 for https://hh.ua/search/vacancy?text=react&area=5&page=0
2018-01-29 16:29:58,061 - crawler_app 5a69dd13c9e77c004f9b2ac5 - INFO - request status code - 200 for https://hh.ua/search/vacancy?text=react&area=5&page=0
2018-01-29 16:29:58,073 - crawler_app 5a69dd13c9e77c004f9b2ac5 - INFO - IN_PROCESS - collect_pages_links - page links collected for hh.ua
2018-01-29 16:29:58,075 - crawler_app 5a69dd13c9e77c004f9b2ac5 - INFO - IN_PROCESS - process_ws_pool
2018-01-29 16:29:58,083 - crawler_app 5a69dd13c9e77c004f9b2ac5 - INFO - IN_PROCESS - prepare_page_links
2018-01-29 16:29:58,085 - crawler_app 5a69dd13c9e77c004f9b2ac5 - INFO - IN_PROCESS - prepare_page_links
2018-01-29 16:29:58,404 - crawler_app 5a69dd13c9e77c004f9b2ac5 - INFO - request status code - 200 for https://www.work.ua/jobs-react/?page=2
2018-01-29 16:29:58,405 - crawler_app 5a69dd13c9e77c004f9b2ac5 - INFO - request status code - 200 for https://www.work.ua/jobs-react/?page=2
2018-01-29 16:29:58,431 - crawler_app 5a69dd13c9e77c004f9b2ac5 - INFO - request status code - 200 for https://www.work.ua/jobs-react/?page=4
2018-01-29 16:29:58,432 - crawler_app 5a69dd13c9e77c004f9b2ac5 - INFO - request status code - 200 for https://www.work.ua/jobs-react/?page=4
2018-01-29 16:29:58,466 - crawler_app 5a69dd13c9e77c004f9b2ac5 - INFO - request status code - 200 for https://www.work.ua/jobs-react/?page=3
2018-01-29 16:29:58,467 - crawler_app 5a69dd13c9e77c004f9b2ac5 - INFO - request status code - 200 for https://www.work.ua/jobs-react/?page=3
2018-01-29 16:29:58,585 - crawler_app 5a69dd13c9e77c004f9b2ac5 - INFO - request status code - 200 for https://www.work.ua/jobs-react/?page=1
2018-01-29 16:29:58,586 - crawler_app 5a69dd13c9e77c004f9b2ac5 - INFO - request status code - 200 for https://www.work.ua/jobs-react/?page=1
2018-01-29 16:29:58,593 - crawler_app 5a69dd13c9e77c004f9b2ac5 - INFO - IN_PROCESS - prepare_page_links - vacancies links collected for work.ua
2018-01-29 16:29:59,215 - crawler_app 5a69dd13c9e77c004f9b2ac5 - INFO - request status code - 200 for https://hh.ua/search/vacancy?text=react&area=5&page=7
2018-01-29 16:29:59,217 - crawler_app 5a69dd13c9e77c004f9b2ac5 - INFO - request status code - 200 for https://hh.ua/search/vacancy?text=react&area=5&page=7
2018-01-29 16:29:59,338 - crawler_app 5a69dd13c9e77c004f9b2ac5 - INFO - request status code - 200 for https://hh.ua/search/vacancy?text=react&area=5&page=3
2018-01-29 16:29:59,340 - crawler_app 5a69dd13c9e77c004f9b2ac5 - INFO - request status code - 200 for https://hh.ua/search/vacancy?text=react&area=5&page=3
2018-01-29 16:29:59,343 - crawler_app 5a69dd13c9e77c004f9b2ac5 - INFO - request status code - 200 for https://hh.ua/search/vacancy?text=react&area=5&page=1
2018-01-29 16:29:59,344 - crawler_app 5a69dd13c9e77c004f9b2ac5 - INFO - request status code - 200 for https://hh.ua/search/vacancy?text=react&area=5&page=1
2018-01-29 16:29:59,345 - crawler_app 5a69dd13c9e77c004f9b2ac5 - INFO - request status code - 200 for https://hh.ua/search/vacancy?text=react&area=5&page=4
2018-01-29 16:29:59,347 - crawler_app 5a69dd13c9e77c004f9b2ac5 - INFO - request status code - 200 for https://hh.ua/search/vacancy?text=react&area=5&page=4
2018-01-29 16:29:59,447 - crawler_app 5a69dd13c9e77c004f9b2ac5 - INFO - request status code - 200 for https://hh.ua/search/vacancy?text=react&area=5&page=6
2018-01-29 16:29:59,448 - crawler_app 5a69dd13c9e77c004f9b2ac5 - INFO - request status code - 200 for https://hh.ua/search/vacancy?text=react&area=5&page=6
2018-01-29 16:29:59,504 - crawler_app 5a69dd13c9e77c004f9b2ac5 - INFO - request status code - 200 for https://hh.ua/search/vacancy?text=react&area=5&page=5
2018-01-29 16:29:59,506 - crawler_app 5a69dd13c9e77c004f9b2ac5 - INFO - request status code - 200 for https://hh.ua/search/vacancy?text=react&area=5&page=5
2018-01-29 16:29:59,511 - crawler_app 5a69dd13c9e77c004f9b2ac5 - INFO - request status code - 200 for https://hh.ua/search/vacancy?text=react&area=5&page=9
2018-01-29 16:29:59,513 - crawler_app 5a69dd13c9e77c004f9b2ac5 - INFO - request status code - 200 for https://hh.ua/search/vacancy?text=react&area=5&page=9
2018-01-29 16:29:59,513 - crawler_app 5a69dd13c9e77c004f9b2ac5 - INFO - request status code - 200 for https://hh.ua/search/vacancy?text=react&area=5&page=2
2018-01-29 16:29:59,521 - crawler_app 5a69dd13c9e77c004f9b2ac5 - INFO - request status code - 200 for https://hh.ua/search/vacancy?text=react&area=5&page=2
2018-01-29 16:29:59,521 - crawler_app 5a69dd13c9e77c004f9b2ac5 - INFO - request status code - 200 for https://hh.ua/search/vacancy?text=react&area=5&page=0
2018-01-29 16:29:59,523 - crawler_app 5a69dd13c9e77c004f9b2ac5 - INFO - request status code - 200 for https://hh.ua/search/vacancy?text=react&area=5&page=0
2018-01-29 16:29:59,651 - crawler_app 5a69dd13c9e77c004f9b2ac5 - INFO - request status code - 200 for https://hh.ua/search/vacancy?text=react&area=5&page=8
2018-01-29 16:29:59,653 - crawler_app 5a69dd13c9e77c004f9b2ac5 - INFO - request status code - 200 for https://hh.ua/search/vacancy?text=react&area=5&page=8
2018-01-29 16:30:00,076 - crawler_app 5a69dd13c9e77c004f9b2ac5 - INFO - request status code - 200 for https://hh.ua/search/vacancy?text=react&area=5&page=10
2018-01-29 16:30:00,078 - crawler_app 5a69dd13c9e77c004f9b2ac5 - INFO - request status code - 200 for https://hh.ua/search/vacancy?text=react&area=5&page=10
2018-01-29 16:30:00,144 - crawler_app 5a69dd13c9e77c004f9b2ac5 - INFO - IN_PROCESS - prepare_page_links - vacancies links collected for hh.ua
2018-01-29 16:30:00,226 - crawler_app 5a69dd13c9e77c004f9b2ac5 - INFO - IN_PROCESS - filter_vac_links
2018-01-29 16:30:00,226 - crawler_app 5a69dd13c9e77c004f9b2ac5 - INFO - IN_PROCESS - filter_vac_links - vacancies links filtered for work.ua
2018-01-29 16:30:00,226 - crawler_app 5a69dd13c9e77c004f9b2ac5 - INFO - IN_PROCESS - filter_vac_links - vacancies links filtered for hh.ua
2018-01-29 16:30:00,227 - crawler_app 5a69dd13c9e77c004f9b2ac5 - INFO - IN_PROCESS - process_ws_pool
2018-01-29 16:30:00,231 - crawler_app 5a69dd13c9e77c004f9b2ac5 - INFO - IN_PROCESS - process_pool_for_collecting_links
2018-01-29 16:30:00,232 - crawler_app 5a69dd13c9e77c004f9b2ac5 - INFO - IN_PROCESS - process_pool_for_collecting_links
2018-01-29 16:30:00,569 - crawler_app 5a69dd13c9e77c004f9b2ac5 - INFO - request status code - 200 for https://www.work.ua/jobs/1998302/
2018-01-29 16:30:00,569 - crawler_app 5a69dd13c9e77c004f9b2ac5 - INFO - request status code - 200 for https://www.work.ua/jobs/1998302/
2018-01-29 16:30:00,570 - crawler_app 5a69dd13c9e77c004f9b2ac5 - INFO - request status code - 200 for https://www.work.ua/jobs/3025074/
2018-01-29 16:30:00,572 - crawler_app 5a69dd13c9e77c004f9b2ac5 - INFO - request status code - 200 for https://www.work.ua/jobs/3035066/
2018-01-29 16:30:00,575 - crawler_app 5a69dd13c9e77c004f9b2ac5 - INFO - request status code - 200 for https://www.work.ua/jobs/3041228/
2018-01-29 16:30:00,575 - crawler_app 5a69dd13c9e77c004f9b2ac5 - INFO - request status code - 200 for https://www.work.ua/jobs/3025074/
2018-01-29 16:30:00,580 - crawler_app 5a69dd13c9e77c004f9b2ac5 - INFO - request status code - 200 for https://www.work.ua/jobs/3035066/
2018-01-29 16:30:00,585 - crawler_app 5a69dd13c9e77c004f9b2ac5 - INFO - IN_PROCESS - collect_vacancy - vacancy 'Mobile App Developer (React Native, JavaScript)' (title, raw) collected from work.ua
2018-01-29 16:30:00,585 - crawler_app 5a69dd13c9e77c004f9b2ac5 - INFO - request status code - 200 for https://www.work.ua/jobs/3041228/
2018-01-29 16:30:00,587 - crawler_app 5a69dd13c9e77c004f9b2ac5 - INFO - request status code - 200 for https://www.work.ua/jobs/2988819/
2018-01-29 16:30:00,588 - crawler_app 5a69dd13c9e77c004f9b2ac5 - INFO - request status code - 200 for https://www.work.ua/jobs/3016323/
2018-01-29 16:30:00,590 - crawler_app 5a69dd13c9e77c004f9b2ac5 - INFO - request status code - 200 for https://www.work.ua/jobs/3032349/
2018-01-29 16:30:00,592 - crawler_app 5a69dd13c9e77c004f9b2ac5 - INFO - IN_PROCESS - collect_vacancy - vacancy 'JavaScript/React/React-Native developer' (title, raw) collected from work.ua
2018-01-29 16:30:00,599 - crawler_app 5a69dd13c9e77c004f9b2ac5 - INFO - request status code - 200 for https://www.work.ua/jobs/2947977/
2018-01-29 16:30:00,601 - crawler_app 5a69dd13c9e77c004f9b2ac5 - INFO - request status code - 200 for https://www.work.ua/jobs/2988819/
2018-01-29 16:30:00,602 - crawler_app 5a69dd13c9e77c004f9b2ac5 - INFO - request status code - 200 for https://www.work.ua/jobs/3016323/
2018-01-29 16:30:00,603 - crawler_app 5a69dd13c9e77c004f9b2ac5 - INFO - request status code - 200 for https://www.work.ua/jobs/3032349/
2018-01-29 16:30:00,604 - crawler_app 5a69dd13c9e77c004f9b2ac5 - INFO - request status code - 200 for https://www.work.ua/jobs/2947977/
2018-01-29 16:30:00,611 - crawler_app 5a69dd13c9e77c004f9b2ac5 - INFO - request status code - 200 for https://www.work.ua/jobs/3029685/
2018-01-29 16:30:00,612 - crawler_app 5a69dd13c9e77c004f9b2ac5 - INFO - request status code - 200 for https://www.work.ua/jobs/3029685/
2018-01-29 16:30:00,615 - crawler_app 5a69dd13c9e77c004f9b2ac5 - INFO - request status code - 200 for https://www.work.ua/jobs/3021069/
2018-01-29 16:30:00,616 - crawler_app 5a69dd13c9e77c004f9b2ac5 - INFO - request status code - 200 for https://www.work.ua/jobs/3021069/
2018-01-29 16:30:00,622 - crawler_app 5a69dd13c9e77c004f9b2ac5 - INFO - IN_PROCESS - collect_vacancy - vacancy 'React Native Developer' (title, raw) collected from work.ua
2018-01-29 16:30:00,632 - crawler_app 5a69dd13c9e77c004f9b2ac5 - INFO - IN_PROCESS - collect_vacancy - vacancy 'React full stack developer' (title, raw) collected from work.ua
2018-01-29 16:30:00,647 - crawler_app 5a69dd13c9e77c004f9b2ac5 - INFO - IN_PROCESS - collect_vacancy - vacancy 'Front-end Developer (Angular.js, React)' (title, raw) collected from work.ua
2018-01-29 16:30:00,654 - crawler_app 5a69dd13c9e77c004f9b2ac5 - INFO - IN_PROCESS - collect_vacancy - vacancy 'Senior, Middle React JS Developer for EDEA' (title, raw) collected from work.ua
2018-01-29 16:30:00,663 - crawler_app 5a69dd13c9e77c004f9b2ac5 - INFO - IN_PROCESS - collect_vacancy - vacancy 'Junior Full-Stack Developer (React, Java)' (title, raw) collected from work.ua
2018-01-29 16:30:00,671 - crawler_app 5a69dd13c9e77c004f9b2ac5 - INFO - IN_PROCESS - collect_vacancy - vacancy 'Senior JavaScript/React Front-end developer' (title, raw) collected from work.ua
2018-01-29 16:30:00,684 - crawler_app 5a69dd13c9e77c004f9b2ac5 - INFO - IN_PROCESS - collect_vacancy - vacancy 'Team Lead (Angular, Node, React)' (title, raw) collected from work.ua
2018-01-29 16:30:00,693 - crawler_app 5a69dd13c9e77c004f9b2ac5 - INFO - IN_PROCESS - collect_vacancy - vacancy 'Программист django, AngularJS, React, Vue' (title, raw) collected from work.ua
2018-01-29 16:30:00,808 - crawler_app 5a69dd13c9e77c004f9b2ac5 - INFO - request status code - 200 for https://www.work.ua/jobs/3020911/
2018-01-29 16:30:00,810 - crawler_app 5a69dd13c9e77c004f9b2ac5 - INFO - request status code - 200 for https://www.work.ua/jobs/3020911/
2018-01-29 16:30:00,813 - crawler_app 5a69dd13c9e77c004f9b2ac5 - INFO - IN_PROCESS - collect_vacancy - vacancy 'React Native Developer' (title, raw) collected from work.ua
2018-01-29 16:30:00,835 - crawler_app 5a69dd13c9e77c004f9b2ac5 - INFO - request status code - 200 for https://www.work.ua/jobs/2949050/
2018-01-29 16:30:00,835 - crawler_app 5a69dd13c9e77c004f9b2ac5 - INFO - request status code - 200 for https://www.work.ua/jobs/2949050/
2018-01-29 16:30:00,841 - crawler_app 5a69dd13c9e77c004f9b2ac5 - INFO - IN_PROCESS - collect_vacancy - vacancy 'Front-end разработчик (React/Angular)' (title, raw) collected from work.ua
2018-01-29 16:30:00,853 - crawler_app 5a69dd13c9e77c004f9b2ac5 - INFO - request status code - 200 for https://www.work.ua/jobs/2922002/
2018-01-29 16:30:00,854 - crawler_app 5a69dd13c9e77c004f9b2ac5 - INFO - request status code - 200 for https://www.work.ua/jobs/3023899/
2018-01-29 16:30:00,855 - crawler_app 5a69dd13c9e77c004f9b2ac5 - INFO - request status code - 200 for https://www.work.ua/jobs/3023899/
2018-01-29 16:30:00,854 - crawler_app 5a69dd13c9e77c004f9b2ac5 - INFO - request status code - 200 for https://www.work.ua/jobs/2922002/
2018-01-29 16:30:00,858 - crawler_app 5a69dd13c9e77c004f9b2ac5 - INFO - IN_PROCESS - collect_vacancy - vacancy 'React JS Developer' (title, raw) collected from work.ua
2018-01-29 16:30:00,864 - crawler_app 5a69dd13c9e77c004f9b2ac5 - INFO - IN_PROCESS - collect_vacancy - vacancy 'React Native Developer' (title, raw) collected from work.ua
2018-01-29 16:30:02,500 - crawler_app 5a69dd13c9e77c004f9b2ac5 - INFO - request status code - 200 for https://www.work.ua/jobs/3018693/
2018-01-29 16:30:02,504 - crawler_app 5a69dd13c9e77c004f9b2ac5 - INFO - request status code - 200 for https://www.work.ua/jobs/2971662/
2018-01-29 16:30:02,504 - crawler_app 5a69dd13c9e77c004f9b2ac5 - INFO - request status code - 200 for https://www.work.ua/jobs/3018693/
2018-01-29 16:30:02,510 - crawler_app 5a69dd13c9e77c004f9b2ac5 - INFO - request status code - 200 for https://www.work.ua/jobs/2010241/
2018-01-29 16:30:02,512 - crawler_app 5a69dd13c9e77c004f9b2ac5 - INFO - request status code - 200 for https://www.work.ua/jobs/3027682/
2018-01-29 16:30:02,509 - crawler_app 5a69dd13c9e77c004f9b2ac5 - INFO - request status code - 200 for https://www.work.ua/jobs/3006813/
2018-01-29 16:30:02,514 - crawler_app 5a69dd13c9e77c004f9b2ac5 - INFO - request status code - 200 for https://www.work.ua/jobs/2971662/
2018-01-29 16:30:02,514 - crawler_app 5a69dd13c9e77c004f9b2ac5 - INFO - request status code - 200 for https://www.work.ua/jobs/3043153/
2018-01-29 16:30:02,525 - crawler_app 5a69dd13c9e77c004f9b2ac5 - INFO - request status code - 200 for https://www.work.ua/jobs/3043153/
2018-01-29 16:30:02,521 - crawler_app 5a69dd13c9e77c004f9b2ac5 - INFO - request status code - 200 for https://www.work.ua/jobs/3035387/
2018-01-29 16:30:02,521 - crawler_app 5a69dd13c9e77c004f9b2ac5 - INFO - request status code - 200 for https://www.work.ua/jobs/2381799/
2018-01-29 16:30:02,522 - crawler_app 5a69dd13c9e77c004f9b2ac5 - INFO - request status code - 200 for https://www.work.ua/jobs/2010241/
2018-01-29 16:30:02,523 - crawler_app 5a69dd13c9e77c004f9b2ac5 - INFO - request status code - 200 for https://www.work.ua/jobs/3027682/
2018-01-29 16:30:02,524 - crawler_app 5a69dd13c9e77c004f9b2ac5 - INFO - IN_PROCESS - collect_vacancy - vacancy 'React Native Engineer' (title, raw) collected from work.ua
2018-01-29 16:30:02,524 - crawler_app 5a69dd13c9e77c004f9b2ac5 - INFO - request status code - 200 for https://www.work.ua/jobs/3006813/
2018-01-29 16:30:02,517 - crawler_app 5a69dd13c9e77c004f9b2ac5 - INFO - request status code - 200 for https://www.work.ua/jobs/3006856/
2018-01-29 16:30:02,534 - crawler_app 5a69dd13c9e77c004f9b2ac5 - INFO - IN_PROCESS - collect_vacancy - vacancy 'Senior-Middle React JS Developer' (title, raw) collected from work.ua
2018-01-29 16:30:02,534 - crawler_app 5a69dd13c9e77c004f9b2ac5 - INFO - request status code - 200 for https://www.work.ua/jobs/3035387/
2018-01-29 16:30:02,535 - crawler_app 5a69dd13c9e77c004f9b2ac5 - INFO - request status code - 200 for https://www.work.ua/jobs/2381799/
2018-01-29 16:30:02,536 - crawler_app 5a69dd13c9e77c004f9b2ac5 - INFO - request status code - 200 for https://www.work.ua/jobs/3006856/
2018-01-29 16:30:02,537 - crawler_app 5a69dd13c9e77c004f9b2ac5 - INFO - IN_PROCESS - collect_vacancy - vacancy 'Test Driven React Native Developer (Trainee)' (title, raw) collected from work.ua
2018-01-29 16:30:02,553 - crawler_app 5a69dd13c9e77c004f9b2ac5 - INFO - IN_PROCESS - collect_vacancy - vacancy 'Front-end Developer (React, ExtJS)' (title, raw) collected from work.ua
2018-01-29 16:30:02,561 - crawler_app 5a69dd13c9e77c004f9b2ac5 - INFO - IN_PROCESS - collect_vacancy - vacancy 'React native Expert' (title, raw) collected from work.ua
2018-01-29 16:30:02,584 - crawler_app 5a69dd13c9e77c004f9b2ac5 - INFO - IN_PROCESS - collect_vacancy - vacancy 'Front-End React/Javascript Developer' (title, raw) collected from work.ua
2018-01-29 16:30:02,584 - crawler_app 5a69dd13c9e77c004f9b2ac5 - INFO - IN_PROCESS - collect_vacancy - vacancy 'Senior React JS разработчик' (title, raw) collected from work.ua
2018-01-29 16:30:02,589 - crawler_app 5a69dd13c9e77c004f9b2ac5 - INFO - IN_PROCESS - collect_vacancy - vacancy 'Front End (React) Developer' (title, raw) collected from work.ua
2018-01-29 16:30:02,603 - crawler_app 5a69dd13c9e77c004f9b2ac5 - INFO - IN_PROCESS - collect_vacancy - vacancy 'Front-end React разработчик' (title, raw) collected from work.ua
2018-01-29 16:30:02,612 - crawler_app 5a69dd13c9e77c004f9b2ac5 - INFO - request status code - 200 for https://www.work.ua/jobs/3025637/
2018-01-29 16:30:02,613 - crawler_app 5a69dd13c9e77c004f9b2ac5 - INFO - request status code - 200 for https://www.work.ua/jobs/3025637/
2018-01-29 16:30:02,623 - crawler_app 5a69dd13c9e77c004f9b2ac5 - INFO - IN_PROCESS - collect_vacancy - vacancy 'Fullstack developer (PHP/React JS)' (title, raw) collected from work.ua
2018-01-29 16:30:02,913 - crawler_app 5a69dd13c9e77c004f9b2ac5 - INFO - request status code - 200 for https://www.work.ua/jobs/2872539/
2018-01-29 16:30:02,917 - crawler_app 5a69dd13c9e77c004f9b2ac5 - INFO - request status code - 200 for https://www.work.ua/jobs/2872539/
2018-01-29 16:30:02,921 - crawler_app 5a69dd13c9e77c004f9b2ac5 - INFO - request status code - 200 for https://www.work.ua/jobs/3039388/
2018-01-29 16:30:02,922 - crawler_app 5a69dd13c9e77c004f9b2ac5 - INFO - request status code - 200 for https://www.work.ua/jobs/3039388/
2018-01-29 16:30:02,923 - crawler_app 5a69dd13c9e77c004f9b2ac5 - INFO - request status code - 200 for https://www.work.ua/jobs/2987774/
2018-01-29 16:30:02,927 - crawler_app 5a69dd13c9e77c004f9b2ac5 - INFO - request status code - 200 for https://www.work.ua/jobs/2987774/
2018-01-29 16:30:02,931 - crawler_app 5a69dd13c9e77c004f9b2ac5 - INFO - request status code - 200 for https://www.work.ua/jobs/3025608/
2018-01-29 16:30:02,934 - crawler_app 5a69dd13c9e77c004f9b2ac5 - INFO - IN_PROCESS - collect_vacancy - vacancy 'Junior React Native Developer' (title, raw) collected from work.ua
2018-01-29 16:30:02,935 - crawler_app 5a69dd13c9e77c004f9b2ac5 - INFO - request status code - 200 for https://www.work.ua/jobs/3025608/
2018-01-29 16:30:02,944 - crawler_app 5a69dd13c9e77c004f9b2ac5 - INFO - IN_PROCESS - collect_vacancy - vacancy 'React/Node JS developer' (title, raw) collected from work.ua
2018-01-29 16:30:02,951 - crawler_app 5a69dd13c9e77c004f9b2ac5 - INFO - request status code - 200 for https://www.work.ua/jobs/2997976/
2018-01-29 16:30:02,952 - crawler_app 5a69dd13c9e77c004f9b2ac5 - INFO - request status code - 200 for https://www.work.ua/jobs/2997976/
2018-01-29 16:30:02,955 - crawler_app 5a69dd13c9e77c004f9b2ac5 - INFO - IN_PROCESS - collect_vacancy - vacancy 'React/Node.js Developer' (title, raw) collected from work.ua
2018-01-29 16:30:02,966 - crawler_app 5a69dd13c9e77c004f9b2ac5 - INFO - request status code - 200 for https://www.work.ua/jobs/3027260/
2018-01-29 16:30:02,968 - crawler_app 5a69dd13c9e77c004f9b2ac5 - INFO - IN_PROCESS - collect_vacancy - vacancy 'React Native developer' (title, raw) collected from work.ua
2018-01-29 16:30:02,968 - crawler_app 5a69dd13c9e77c004f9b2ac5 - INFO - request status code - 200 for https://www.work.ua/jobs/3027260/
2018-01-29 16:30:02,976 - crawler_app 5a69dd13c9e77c004f9b2ac5 - INFO - request status code - 200 for https://www.work.ua/jobs/2989068/
2018-01-29 16:30:02,985 - crawler_app 5a69dd13c9e77c004f9b2ac5 - INFO - request status code - 200 for https://www.work.ua/jobs/2989068/
2018-01-29 16:30:02,993 - crawler_app 5a69dd13c9e77c004f9b2ac5 - INFO - IN_PROCESS - collect_vacancy - vacancy 'Full-Stack Web Developer (Angular OR React)' (title, raw) collected from work.ua
2018-01-29 16:30:02,996 - crawler_app 5a69dd13c9e77c004f9b2ac5 - INFO - IN_PROCESS - collect_vacancy - vacancy 'React-native developer' (title, raw) collected from work.ua
2018-01-29 16:30:03,005 - crawler_app 5a69dd13c9e77c004f9b2ac5 - INFO - IN_PROCESS - collect_vacancy - vacancy 'Middle React Native Developer' (title, raw) collected from work.ua
2018-01-29 16:30:03,031 - crawler_app 5a69dd13c9e77c004f9b2ac5 - INFO - request status code - 200 for https://www.work.ua/jobs/3034940/
2018-01-29 16:30:03,040 - crawler_app 5a69dd13c9e77c004f9b2ac5 - INFO - request status code - 200 for https://www.work.ua/jobs/2435975/
2018-01-29 16:30:03,040 - crawler_app 5a69dd13c9e77c004f9b2ac5 - INFO - request status code - 200 for https://www.work.ua/jobs/3034940/
2018-01-29 16:30:03,041 - crawler_app 5a69dd13c9e77c004f9b2ac5 - INFO - request status code - 200 for https://www.work.ua/jobs/2435975/
2018-01-29 16:30:03,053 - crawler_app 5a69dd13c9e77c004f9b2ac5 - INFO - IN_PROCESS - collect_vacancy - vacancy 'Junior, Middle React Developer' (title, raw) collected from work.ua
2018-01-29 16:30:03,057 - crawler_app 5a69dd13c9e77c004f9b2ac5 - INFO - IN_PROCESS - collect_vacancy - vacancy 'FE React JS developer' (title, raw) collected from work.ua
2018-01-29 16:30:03,067 - crawler_app 5a69dd13c9e77c004f9b2ac5 - INFO - request status code - 200 for https://www.work.ua/jobs/2998094/
2018-01-29 16:30:03,069 - crawler_app 5a69dd13c9e77c004f9b2ac5 - INFO - request status code - 200 for https://www.work.ua/jobs/2998094/
2018-01-29 16:30:03,076 - crawler_app 5a69dd13c9e77c004f9b2ac5 - INFO - IN_PROCESS - collect_vacancy - vacancy 'Front-end (Angular/React) Developer' (title, raw) collected from work.ua
2018-01-29 16:30:03,139 - crawler_app 5a69dd13c9e77c004f9b2ac5 - INFO - request status code - 200 for https://www.work.ua/jobs/3027301/
2018-01-29 16:30:03,139 - crawler_app 5a69dd13c9e77c004f9b2ac5 - INFO - request status code - 200 for https://www.work.ua/jobs/3027301/
2018-01-29 16:30:03,143 - crawler_app 5a69dd13c9e77c004f9b2ac5 - INFO - IN_PROCESS - collect_vacancy - vacancy 'Senior React Native Developer' (title, raw) collected from work.ua
2018-01-29 16:30:03,191 - crawler_app 5a69dd13c9e77c004f9b2ac5 - INFO - request status code - 200 for https://www.work.ua/jobs/3022385/
2018-01-29 16:30:03,191 - crawler_app 5a69dd13c9e77c004f9b2ac5 - INFO - request status code - 200 for https://www.work.ua/jobs/3022385/
2018-01-29 16:30:03,200 - crawler_app 5a69dd13c9e77c004f9b2ac5 - INFO - IN_PROCESS - collect_vacancy - vacancy 'Full-stack developer (.NET/Node. JS/React) for VR project' (title, raw) collected from work.ua
2018-01-29 16:30:03,201 - crawler_app 5a69dd13c9e77c004f9b2ac5 - INFO - request status code - 200 for https://www.work.ua/jobs/3037212/
2018-01-29 16:30:03,202 - crawler_app 5a69dd13c9e77c004f9b2ac5 - INFO - request status code - 200 for https://www.work.ua/jobs/3037212/
2018-01-29 16:30:03,210 - crawler_app 5a69dd13c9e77c004f9b2ac5 - INFO - IN_PROCESS - collect_vacancy - vacancy 'Senior JavaScript (React) Developer for CS' (title, raw) collected from work.ua
2018-01-29 16:30:03,255 - crawler_app 5a69dd13c9e77c004f9b2ac5 - INFO - request status code - 200 for https://www.work.ua/jobs/3030731/
2018-01-29 16:30:03,256 - crawler_app 5a69dd13c9e77c004f9b2ac5 - INFO - request status code - 200 for https://www.work.ua/jobs/1986883/
2018-01-29 16:30:03,256 - crawler_app 5a69dd13c9e77c004f9b2ac5 - INFO - request status code - 200 for https://www.work.ua/jobs/3030731/
2018-01-29 16:30:03,257 - crawler_app 5a69dd13c9e77c004f9b2ac5 - INFO - request status code - 200 for https://www.work.ua/jobs/1986883/
2018-01-29 16:30:03,264 - crawler_app 5a69dd13c9e77c004f9b2ac5 - INFO - request status code - 200 for https://www.work.ua/jobs/3040243/
2018-01-29 16:30:03,265 - crawler_app 5a69dd13c9e77c004f9b2ac5 - INFO - request status code - 200 for https://www.work.ua/jobs/3040243/
2018-01-29 16:30:03,267 - crawler_app 5a69dd13c9e77c004f9b2ac5 - INFO - IN_PROCESS - collect_vacancy - vacancy 'Front-End (React) Developer' (title, raw) collected from work.ua
2018-01-29 16:30:03,270 - crawler_app 5a69dd13c9e77c004f9b2ac5 - INFO - IN_PROCESS - collect_vacancy - vacancy 'Junior JavaScript developer (Vue JS, React Native, Node JS, AngularJS)' (title, raw) collected from work.ua
2018-01-29 16:30:03,275 - crawler_app 5a69dd13c9e77c004f9b2ac5 - INFO - IN_PROCESS - collect_vacancy - vacancy 'Front-end developer (React)' (title, raw) collected from work.ua
2018-01-29 16:30:03,289 - crawler_app 5a69dd13c9e77c004f9b2ac5 - INFO - request status code - 200 for https://www.work.ua/jobs/3026090/
2018-01-29 16:30:03,290 - crawler_app 5a69dd13c9e77c004f9b2ac5 - INFO - request status code - 200 for https://www.work.ua/jobs/3026090/
2018-01-29 16:30:03,295 - crawler_app 5a69dd13c9e77c004f9b2ac5 - INFO - request status code - 200 for https://www.work.ua/jobs/3021310/
2018-01-29 16:30:03,296 - crawler_app 5a69dd13c9e77c004f9b2ac5 - INFO - request status code - 200 for https://www.work.ua/jobs/3021310/
2018-01-29 16:30:03,298 - crawler_app 5a69dd13c9e77c004f9b2ac5 - INFO - IN_PROCESS - collect_vacancy - vacancy 'Full stack (Node.js/React) developer' (title, raw) collected from work.ua
2018-01-29 16:30:03,302 - crawler_app 5a69dd13c9e77c004f9b2ac5 - INFO - IN_PROCESS - collect_vacancy - vacancy 'Junior Javascript Developer Excited to Learn React' (title, raw) collected from work.ua
2018-01-29 16:30:03,412 - crawler_app 5a69dd13c9e77c004f9b2ac5 - INFO - request status code - 200 for https://www.work.ua/jobs/2911890/
2018-01-29 16:30:03,412 - crawler_app 5a69dd13c9e77c004f9b2ac5 - INFO - request status code - 200 for https://www.work.ua/jobs/2911890/
2018-01-29 16:30:03,415 - crawler_app 5a69dd13c9e77c004f9b2ac5 - INFO - IN_PROCESS - collect_vacancy - vacancy 'Middle-to-Senior React Developer' (title, raw) collected from work.ua
2018-01-29 16:30:03,556 - crawler_app 5a69dd13c9e77c004f9b2ac5 - INFO - IN_PROCESS - write_vacancies_in_db
2018-01-29 16:30:03,703 - crawler_app 5a69dd13c9e77c004f9b2ac5 - INFO - IN_PROCESS - write_vacancies_in_db - vacancies for has been written to database from work.ua
2018-01-29 16:30:03,703 - crawler_app 5a69dd13c9e77c004f9b2ac5 - INFO - IN_PROCESS FINISH
